<?xml version="1.0" encoding="UTF-8"?>
<coverage generated="1482943304">
  <project timestamp="1482943304">
    <package name="WA\Auth">
      <file name="/var/www/wa/clean-api/app/Auth/Auth.php">
        <class name="Auth" namespace="WA\Auth">
          <metrics complexity="8" methods="7" coveredmethods="0" conditionals="0" coveredconditionals="0" statements="29" coveredstatements="0" elements="36" coveredelements="0"/>
        </class>
        <line num="20" type="method" name="login" visibility="public" complexity="2" crap="6" count="0"/>
        <line num="21" type="stmt" count="0"/>
        <line num="22" type="stmt" count="0"/>
        <line num="23" type="stmt" count="0"/>
        <line num="24" type="stmt" count="0"/>
        <line num="26" type="stmt" count="0"/>
        <line num="28" type="stmt" count="0"/>
        <line num="29" type="stmt" count="0"/>
        <line num="37" type="method" name="logout" visibility="public" complexity="1" crap="2" count="0"/>
        <line num="38" type="stmt" count="0"/>
        <line num="39" type="stmt" count="0"/>
        <line num="40" type="stmt" count="0"/>
        <line num="50" type="method" name="isThrottled" visibility="public" complexity="1" crap="2" count="0"/>
        <line num="51" type="stmt" count="0"/>
        <line num="52" type="stmt" count="0"/>
        <line num="53" type="stmt" count="0"/>
        <line num="63" type="method" name="existsButNotConfirmed" visibility="public" complexity="1" crap="2" count="0"/>
        <line num="64" type="stmt" count="0"/>
        <line num="65" type="stmt" count="0"/>
        <line num="66" type="stmt" count="0"/>
        <line num="67" type="stmt" count="0"/>
        <line num="68" type="stmt" count="0"/>
        <line num="69" type="stmt" count="0"/>
        <line num="70" type="stmt" count="0"/>
        <line num="79" type="method" name="resetPassword" visibility="public" complexity="1" crap="2" count="0"/>
        <line num="80" type="stmt" count="0"/>
        <line num="82" type="stmt" count="0"/>
        <line num="83" type="stmt" count="0"/>
        <line num="90" type="method" name="loggedIn" visibility="public" complexity="1" crap="2" count="0"/>
        <line num="91" type="stmt" count="0"/>
        <line num="92" type="stmt" count="0"/>
        <line num="93" type="stmt" count="0"/>
        <line num="100" type="method" name="user" visibility="public" complexity="1" crap="2" count="0"/>
        <line num="101" type="stmt" count="0"/>
        <line num="102" type="stmt" count="0"/>
        <line num="103" type="stmt" count="0"/>
        <metrics loc="104" ncloc="52" classes="1" methods="7" coveredmethods="0" conditionals="0" coveredconditionals="0" statements="29" coveredstatements="0" elements="36" coveredelements="0"/>
      </file>
      <file name="/var/www/wa/clean-api/app/Auth/BearerTokenResponse.php">
        <class name="BearerTokenResponse" namespace="WA\Auth">
          <metrics complexity="1" methods="1" coveredmethods="1" conditionals="0" coveredconditionals="0" statements="1" coveredstatements="1" elements="2" coveredelements="2"/>
        </class>
        <line num="19" type="method" name="getExtraParams" visibility="protected" complexity="1" crap="1" count="2"/>
        <line num="21" type="stmt" count="2"/>
        <metrics loc="23" ncloc="14" classes="1" methods="1" coveredmethods="1" conditionals="0" coveredconditionals="0" statements="1" coveredstatements="1" elements="2" coveredelements="2"/>
      </file>
      <file name="/var/www/wa/clean-api/app/Auth/CDIAuth.php">
        <class name="CDIAuth" namespace="WA\Auth">
          <metrics complexity="4" methods="2" coveredmethods="0" conditionals="0" coveredconditionals="0" statements="13" coveredstatements="0" elements="15" coveredelements="0"/>
        </class>
        <line num="14" type="method" name="__construct" visibility="public" complexity="1" crap="2" count="0"/>
        <line num="15" type="stmt" count="0"/>
        <line num="16" type="stmt" count="0"/>
        <line num="17" type="stmt" count="0"/>
        <line num="18" type="stmt" count="0"/>
        <line num="25" type="method" name="getCDIAuthorization" visibility="public" complexity="3" crap="12" count="0"/>
        <line num="26" type="stmt" count="0"/>
        <line num="27" type="stmt" count="0"/>
        <line num="28" type="stmt" count="0"/>
        <line num="29" type="stmt" count="0"/>
        <line num="30" type="stmt" count="0"/>
        <line num="31" type="stmt" count="0"/>
        <line num="32" type="stmt" count="0"/>
        <line num="34" type="stmt" count="0"/>
        <line num="35" type="stmt" count="0"/>
        <metrics loc="36" ncloc="31" classes="1" methods="2" coveredmethods="0" conditionals="0" coveredconditionals="0" statements="13" coveredstatements="0" elements="15" coveredelements="0"/>
      </file>
      <file name="/var/www/wa/clean-api/app/Auth/PasswordGrant.php">
        <class name="PasswordGrant" namespace="WA\Auth">
          <metrics complexity="6" methods="2" coveredmethods="1" conditionals="0" coveredconditionals="0" statements="23" coveredstatements="21" elements="25" coveredelements="22"/>
        </class>
        <line num="36" type="method" name="respondToAccessTokenRequest" visibility="public" complexity="2" crap="2.02" count="2"/>
        <line num="42" type="stmt" count="2"/>
        <line num="43" type="stmt" count="2"/>
        <line num="44" type="stmt" count="2"/>
        <line num="46" type="stmt" count="2"/>
        <line num="47" type="stmt" count="0"/>
        <line num="48" type="stmt" count="0"/>
        <line num="52" type="stmt" count="2"/>
        <line num="55" type="stmt" count="2"/>
        <line num="56" type="stmt" count="2"/>
        <line num="59" type="stmt" count="2"/>
        <line num="60" type="stmt" count="2"/>
        <line num="62" type="stmt" count="2"/>
        <line num="65" type="method" name="thisUserHasTheCorrectScope" visibility="public" complexity="4" crap="4" count="3"/>
        <line num="67" type="stmt" count="3"/>
        <line num="69" type="stmt" count="3"/>
        <line num="71" type="stmt" count="3"/>
        <line num="72" type="stmt" count="3"/>
        <line num="74" type="stmt" count="3"/>
        <line num="76" type="stmt" count="3"/>
        <line num="78" type="stmt" count="3"/>
        <line num="79" type="stmt" count="3"/>
        <line num="83" type="stmt" count="3"/>
        <line num="85" type="stmt" count="3"/>
        <line num="87" type="stmt" count="1"/>
        <metrics loc="90" ncloc="66" classes="1" methods="2" coveredmethods="1" conditionals="0" coveredconditionals="0" statements="23" coveredstatements="21" elements="25" coveredelements="22"/>
      </file>
      <file name="/var/www/wa/clean-api/app/Auth/SSOGrant.php">
        <class name="SSOGrant" namespace="WA\Auth">
          <metrics complexity="9" methods="5" coveredmethods="2" conditionals="0" coveredconditionals="0" statements="26" coveredstatements="5" elements="31" coveredelements="7"/>
        </class>
        <line num="38" type="method" name="__construct" visibility="public" complexity="1" crap="1" count="230"/>
        <line num="47" type="stmt" count="230"/>
        <line num="48" type="stmt" count="230"/>
        <line num="49" type="stmt" count="230"/>
        <line num="50" type="stmt" count="230"/>
        <line num="54" type="method" name="respondToAccessTokenRequest" visibility="public" complexity="1" crap="2" count="0"/>
        <line num="61" type="stmt" count="0"/>
        <line num="62" type="stmt" count="0"/>
        <line num="63" type="stmt" count="0"/>
        <line num="65" type="stmt" count="0"/>
        <line num="67" type="stmt" count="0"/>
        <line num="68" type="stmt" count="0"/>
        <line num="70" type="stmt" count="0"/>
        <line num="71" type="stmt" count="0"/>
        <line num="72" type="stmt" count="0"/>
        <line num="77" type="method" name="getIdentifier" visibility="public" complexity="1" crap="1" count="230"/>
        <line num="79" type="stmt" count="230"/>
        <line num="89" type="method" name="validateUser" visibility="protected" complexity="2" crap="6" count="0"/>
        <line num="92" type="stmt" count="0"/>
        <line num="93" type="stmt" count="0"/>
        <line num="94" type="stmt" count="0"/>
        <line num="95" type="stmt" count="0"/>
        <line num="96" type="stmt" count="0"/>
        <line num="98" type="stmt" count="0"/>
        <line num="108" type="method" name="getUserEntityByRequest" visibility="protected" complexity="4" crap="20" count="0"/>
        <line num="110" type="stmt" count="0"/>
        <line num="111" type="stmt" count="0"/>
        <line num="113" type="stmt" count="0"/>
        <line num="114" type="stmt" count="0"/>
        <line num="116" type="stmt" count="0"/>
        <line num="118" type="stmt" count="0"/>
        <metrics loc="278" ncloc="73" classes="1" methods="5" coveredmethods="2" conditionals="0" coveredconditionals="0" statements="26" coveredstatements="5" elements="31" coveredelements="7"/>
      </file>
      <file name="/var/www/wa/clean-api/app/Auth/UserAuth.php">
        <class name="UserAuth" namespace="WA\Auth">
          <metrics complexity="3" methods="3" coveredmethods="0" conditionals="0" coveredconditionals="0" statements="10" coveredstatements="0" elements="13" coveredelements="0"/>
        </class>
        <line num="14" type="method" name="__construct" visibility="public" complexity="1" crap="2" count="0"/>
        <line num="15" type="stmt" count="0"/>
        <line num="16" type="stmt" count="0"/>
        <line num="17" type="stmt" count="0"/>
        <line num="18" type="stmt" count="0"/>
        <line num="25" type="method" name="canAddUsers" visibility="public" complexity="1" crap="2" count="0"/>
        <line num="26" type="stmt" count="0"/>
        <line num="27" type="stmt" count="0"/>
        <line num="28" type="stmt" count="0"/>
        <line num="35" type="method" name="canEditUsers" visibility="public" complexity="1" crap="2" count="0"/>
        <line num="36" type="stmt" count="0"/>
        <line num="37" type="stmt" count="0"/>
        <line num="38" type="stmt" count="0"/>
        <metrics loc="39" ncloc="29" classes="1" methods="3" coveredmethods="0" conditionals="0" coveredconditionals="0" statements="10" coveredstatements="0" elements="13" coveredelements="0"/>
      </file>
    </package>
    <file name="/var/www/wa/clean-api/app/Auth/AuthInterface.php">
      <metrics loc="67" ncloc="20" classes="0" methods="0" coveredmethods="0" conditionals="0" coveredconditionals="0" statements="0" coveredstatements="0" elements="0" coveredelements="0"/>
    </file>
    <file name="/var/www/wa/clean-api/app/Auth/CDIAuthInterface.php">
      <metrics loc="13" ncloc="8" classes="0" methods="0" coveredmethods="0" conditionals="0" coveredconditionals="0" statements="0" coveredstatements="0" elements="0" coveredelements="0"/>
    </file>
    <package name="WA\Auth\Saml2">
      <file name="/var/www/wa/clean-api/app/Auth/Saml2/Saml2Auth.php">
        <class name="Saml2Auth" namespace="WA\Auth\Saml2">
          <metrics complexity="5" methods="2" coveredmethods="1" conditionals="0" coveredconditionals="0" statements="24" coveredstatements="7" elements="26" coveredelements="8"/>
        </class>
        <line num="25" type="method" name="login" visibility="public" complexity="1" crap="1" count="2"/>
        <line num="27" type="stmt" count="2"/>
        <line num="28" type="stmt" count="2"/>
        <line num="30" type="stmt" count="2"/>
        <line num="31" type="stmt" count="2"/>
        <line num="32" type="stmt" count="2"/>
        <line num="33" type="stmt" count="2"/>
        <line num="35" type="stmt" count="2"/>
        <line num="42" type="method" name="acs" visibility="public" complexity="4" crap="20" count="0"/>
        <line num="44" type="stmt" count="0"/>
        <line num="46" type="stmt" count="0"/>
        <line num="48" type="stmt" count="0"/>
        <line num="49" type="stmt" count="0"/>
        <line num="51" type="stmt" count="0"/>
        <line num="52" type="stmt" count="0"/>
        <line num="54" type="stmt" count="0"/>
        <line num="55" type="stmt" count="0"/>
        <line num="57" type="stmt" count="0"/>
        <line num="58" type="stmt" count="0"/>
        <line num="59" type="stmt" count="0"/>
        <line num="61" type="stmt" count="0"/>
        <line num="62" type="stmt" count="0"/>
        <line num="64" type="stmt" count="0"/>
        <line num="67" type="stmt" count="0"/>
        <line num="68" type="stmt" count="0"/>
        <line num="71" type="stmt" count="0"/>
        <metrics loc="73" ncloc="54" classes="1" methods="2" coveredmethods="1" conditionals="0" coveredconditionals="0" statements="24" coveredstatements="7" elements="26" coveredelements="8"/>
      </file>
      <file name="/var/www/wa/clean-api/app/Auth/Saml2/Saml2AuthFacade.php">
        <class name="Saml2AuthFacade" namespace="WA\Auth\Saml2">
          <metrics complexity="1" methods="1" coveredmethods="1" conditionals="0" coveredconditionals="0" statements="1" coveredstatements="1" elements="2" coveredelements="2"/>
        </class>
        <line num="20" type="method" name="getFacadeAccessor" visibility="protected" complexity="1" crap="1" count="1"/>
        <line num="22" type="stmt" count="1"/>
        <metrics loc="24" ncloc="14" classes="1" methods="1" coveredmethods="1" conditionals="0" coveredconditionals="0" statements="1" coveredstatements="1" elements="2" coveredelements="2"/>
      </file>
    </package>
    <file name="/var/www/wa/clean-api/app/Auth/UserAuthInterface.php">
      <metrics loc="20" ncloc="10" classes="0" methods="0" coveredmethods="0" conditionals="0" coveredconditionals="0" statements="0" coveredstatements="0" elements="0" coveredelements="0"/>
    </file>
    <package name="WA\Console">
      <file name="/var/www/wa/clean-api/app/Console/Kernel.php">
        <class name="Kernel" namespace="WA\Console">
          <metrics complexity="1" methods="1" coveredmethods="1" conditionals="0" coveredconditionals="0" statements="1" coveredstatements="1" elements="2" coveredelements="2"/>
        </class>
        <line num="24" type="method" name="schedule" visibility="protected" complexity="1" crap="1" count="221"/>
        <line num="26" type="stmt" count="221"/>
        <metrics loc="27" ncloc="17" classes="1" methods="1" coveredmethods="1" conditionals="0" coveredconditionals="0" statements="1" coveredstatements="1" elements="2" coveredelements="2"/>
      </file>
    </package>
    <package name="WA\DataStore\Address">
      <file name="/var/www/wa/clean-api/app/DataStore/Address/Address.php">
        <class name="Address" namespace="WA\DataStore\Address">
          <metrics complexity="3" methods="1" coveredmethods="1" conditionals="0" coveredconditionals="0" statements="1" coveredstatements="1" elements="2" coveredelements="2"/>
        </class>
        <line num="45" type="method" name="getTransformer" visibility="public" complexity="1" crap="1" count="3"/>
        <line num="47" type="stmt" count="3"/>
        <metrics loc="49" ncloc="33" classes="1" methods="1" coveredmethods="1" conditionals="0" coveredconditionals="0" statements="1" coveredstatements="1" elements="2" coveredelements="2"/>
      </file>
      <file name="/var/www/wa/clean-api/app/DataStore/Address/AddressTransformer.php">
        <class name="AddressTransformer" namespace="WA\DataStore\Address">
          <metrics complexity="1" methods="1" coveredmethods="1" conditionals="0" coveredconditionals="0" statements="8" coveredstatements="8" elements="9" coveredelements="9"/>
        </class>
        <line num="17" type="method" name="transform" visibility="public" complexity="1" crap="1" count="22"/>
        <line num="21" type="stmt" count="22"/>
        <line num="22" type="stmt" count="22"/>
        <line num="23" type="stmt" count="22"/>
        <line num="24" type="stmt" count="22"/>
        <line num="25" type="stmt" count="22"/>
        <line num="26" type="stmt" count="22"/>
        <line num="27" type="stmt" count="22"/>
        <line num="28" type="stmt" count="22"/>
        <metrics loc="31" ncloc="23" classes="1" methods="1" coveredmethods="1" conditionals="0" coveredconditionals="0" statements="8" coveredstatements="8" elements="9" coveredelements="9"/>
      </file>
    </package>
    <package name="WA\DataStore\Allocation">
      <file name="/var/www/wa/clean-api/app/DataStore/Allocation/Allocation.php">
        <class name="Allocation" namespace="WA\DataStore\Allocation">
          <metrics complexity="3" methods="1" coveredmethods="1" conditionals="0" coveredconditionals="0" statements="1" coveredstatements="1" elements="2" coveredelements="2"/>
        </class>
        <line num="37" type="method" name="getTransformer" visibility="public" complexity="1" crap="1" count="2"/>
        <line num="39" type="stmt" count="2"/>
        <metrics loc="41" ncloc="29" classes="1" methods="1" coveredmethods="1" conditionals="0" coveredconditionals="0" statements="1" coveredstatements="1" elements="2" coveredelements="2"/>
      </file>
      <file name="/var/www/wa/clean-api/app/DataStore/Allocation/AllocationTransformer.php">
        <class name="AllocationTransformer" namespace="WA\DataStore\Allocation">
          <metrics complexity="1" methods="1" coveredmethods="1" conditionals="0" coveredconditionals="0" statements="19" coveredstatements="19" elements="20" coveredelements="20"/>
        </class>
        <line num="9" type="method" name="transform" visibility="public" complexity="1" crap="1" count="6"/>
        <line num="12" type="stmt" count="6"/>
        <line num="13" type="stmt" count="6"/>
        <line num="14" type="stmt" count="6"/>
        <line num="15" type="stmt" count="6"/>
        <line num="16" type="stmt" count="6"/>
        <line num="17" type="stmt" count="6"/>
        <line num="18" type="stmt" count="6"/>
        <line num="19" type="stmt" count="6"/>
        <line num="20" type="stmt" count="6"/>
        <line num="21" type="stmt" count="6"/>
        <line num="22" type="stmt" count="6"/>
        <line num="23" type="stmt" count="6"/>
        <line num="24" type="stmt" count="6"/>
        <line num="25" type="stmt" count="6"/>
        <line num="26" type="stmt" count="6"/>
        <line num="27" type="stmt" count="6"/>
        <line num="28" type="stmt" count="6"/>
        <line num="29" type="stmt" count="6"/>
        <line num="30" type="stmt" count="6"/>
        <metrics loc="33" ncloc="33" classes="1" methods="1" coveredmethods="1" conditionals="0" coveredconditionals="0" statements="19" coveredstatements="19" elements="20" coveredelements="20"/>
      </file>
    </package>
    <package name="WA\DataStore\App">
      <file name="/var/www/wa/clean-api/app/DataStore/App/App.php">
        <class name="App" namespace="WA\DataStore\App">
          <metrics complexity="4" methods="1" coveredmethods="1" conditionals="0" coveredconditionals="0" statements="1" coveredstatements="1" elements="2" coveredelements="2"/>
        </class>
        <line num="35" type="method" name="getTransformer" visibility="public" complexity="1" crap="1" count="3"/>
        <line num="37" type="stmt" count="3"/>
        <metrics loc="55" ncloc="36" classes="1" methods="1" coveredmethods="1" conditionals="0" coveredconditionals="0" statements="1" coveredstatements="1" elements="2" coveredelements="2"/>
      </file>
      <file name="/var/www/wa/clean-api/app/DataStore/App/AppTransformer.php">
        <class name="AppTransformer" namespace="WA\DataStore\App">
          <metrics complexity="2" methods="1" coveredmethods="1" conditionals="0" coveredconditionals="0" statements="6" coveredstatements="6" elements="7" coveredelements="7"/>
        </class>
        <line num="18" type="method" name="transform" visibility="public" complexity="1" crap="1" count="10"/>
        <line num="22" type="stmt" count="10"/>
        <line num="23" type="stmt" count="10"/>
        <line num="24" type="stmt" count="10"/>
        <line num="25" type="stmt" count="10"/>
        <line num="26" type="stmt" count="10"/>
        <line num="27" type="stmt" count="10"/>
        <metrics loc="39" ncloc="31" classes="1" methods="1" coveredmethods="1" conditionals="0" coveredconditionals="0" statements="6" coveredstatements="6" elements="7" coveredelements="7"/>
      </file>
    </package>
    <package name="WA\DataStore\Asset">
      <file name="/var/www/wa/clean-api/app/DataStore/Asset/Asset.php">
        <class name="Asset" namespace="WA\DataStore\Asset">
          <metrics complexity="14" methods="12" coveredmethods="1" conditionals="0" coveredconditionals="0" statements="17" coveredstatements="1" elements="29" coveredelements="2"/>
        </class>
        <line num="67" type="method" name="getTransformer" visibility="public" complexity="1" crap="1" count="2"/>
        <line num="69" type="stmt" count="2"/>
        <line num="75" type="method" name="users" visibility="public" complexity="1" crap="2" count="0"/>
        <line num="77" type="stmt" count="0"/>
        <line num="83" type="method" name="devices" visibility="public" complexity="1" crap="2" count="0"/>
        <line num="85" type="stmt" count="0"/>
        <line num="91" type="method" name="sync" visibility="public" complexity="1" crap="2" count="0"/>
        <line num="93" type="stmt" count="0"/>
        <line num="99" type="method" name="status" visibility="public" complexity="1" crap="2" count="0"/>
        <line num="101" type="stmt" count="0"/>
        <line num="107" type="method" name="type" visibility="public" complexity="1" crap="2" count="0"/>
        <line num="109" type="stmt" count="0"/>
        <line num="119" type="method" name="isStatus" visibility="public" complexity="2" crap="6" count="0"/>
        <line num="121" type="stmt" count="0"/>
        <line num="122" type="stmt" count="0"/>
        <line num="125" type="stmt" count="0"/>
        <line num="131" type="method" name="getStatus" visibility="public" complexity="2" crap="6" count="0"/>
        <line num="133" type="stmt" count="0"/>
        <line num="134" type="stmt" count="0"/>
        <line num="135" type="stmt" count="0"/>
        <line num="138" type="stmt" count="0"/>
        <line num="144" type="method" name="attributes" visibility="public" complexity="1" crap="2" count="0"/>
        <line num="146" type="stmt" count="0"/>
        <line num="152" type="method" name="carrier" visibility="public" complexity="1" crap="2" count="0"/>
        <line num="154" type="stmt" count="0"/>
        <line num="162" type="method" name="hasDevice" visibility="public" complexity="1" crap="2" count="0"/>
        <line num="164" type="stmt" count="0"/>
        <line num="165" type="method" name="anonymous function" complexity="1" crap="2" count="0"/>
        <line num="167" type="stmt" count="0"/>
        <line num="168" type="stmt" count="0"/>
        <metrics loc="170" ncloc="92" classes="1" methods="12" coveredmethods="1" conditionals="0" coveredconditionals="0" statements="18" coveredstatements="1" elements="30" coveredelements="2"/>
      </file>
      <file name="/var/www/wa/clean-api/app/DataStore/Asset/AssetTransformer.php">
        <class name="AssetTransformer" namespace="WA\DataStore\Asset">
          <metrics complexity="1" methods="1" coveredmethods="1" conditionals="0" coveredconditionals="0" statements="8" coveredstatements="8" elements="9" coveredelements="9"/>
        </class>
        <line num="24" type="method" name="transform" visibility="public" complexity="1" crap="1" count="7"/>
        <line num="27" type="stmt" count="7"/>
        <line num="28" type="stmt" count="7"/>
        <line num="29" type="stmt" count="7"/>
        <line num="30" type="stmt" count="7"/>
        <line num="31" type="stmt" count="7"/>
        <line num="32" type="stmt" count="7"/>
        <line num="33" type="stmt" count="7"/>
        <line num="34" type="stmt" count="7"/>
        <metrics loc="37" ncloc="29" classes="1" methods="1" coveredmethods="1" conditionals="0" coveredconditionals="0" statements="8" coveredstatements="8" elements="9" coveredelements="9"/>
      </file>
    </package>
    <package name="WA\DataStore">
      <file name="/var/www/wa/clean-api/app/DataStore/AssetType.php">
        <class name="AssetType" namespace="WA\DataStore">
          <metrics complexity="1" methods="0" coveredmethods="0" conditionals="0" coveredconditionals="0" statements="0" coveredstatements="0" elements="0" coveredelements="0"/>
        </class>
        <metrics loc="38" ncloc="17" classes="1" methods="0" coveredmethods="0" conditionals="0" coveredconditionals="0" statements="0" coveredstatements="0" elements="0" coveredelements="0"/>
      </file>
      <file name="/var/www/wa/clean-api/app/DataStore/Attribute.php">
        <class name="Attribute" namespace="WA\DataStore">
          <metrics complexity="2" methods="2" coveredmethods="0" conditionals="0" coveredconditionals="0" statements="6" coveredstatements="0" elements="8" coveredelements="0"/>
        </class>
        <line num="22" type="method" name="devices" visibility="public" complexity="1" crap="2" count="0"/>
        <line num="23" type="stmt" count="0"/>
        <line num="24" type="stmt" count="0"/>
        <line num="25" type="stmt" count="0"/>
        <line num="30" type="method" name="assets" visibility="public" complexity="1" crap="2" count="0"/>
        <line num="31" type="stmt" count="0"/>
        <line num="32" type="stmt" count="0"/>
        <line num="33" type="stmt" count="0"/>
        <metrics loc="34" ncloc="18" classes="1" methods="2" coveredmethods="0" conditionals="0" coveredconditionals="0" statements="6" coveredstatements="0" elements="8" coveredelements="0"/>
      </file>
      <file name="/var/www/wa/clean-api/app/DataStore/BaseDataStore.php">
        <class name="BaseDataStore" namespace="WA\DataStore">
          <metrics complexity="14" methods="3" coveredmethods="3" conditionals="0" coveredconditionals="0" statements="8" coveredstatements="8" elements="11" coveredelements="11"/>
        </class>
        <line num="29" type="method" name="__construct" visibility="public" complexity="1" crap="1" count="212"/>
        <line num="31" type="stmt" count="212"/>
        <line num="32" type="stmt" count="212"/>
        <line num="33" type="stmt" count="212"/>
        <line num="35" type="method" name="boot" visibility="public" complexity="1" crap="1" count="212"/>
        <line num="37" type="stmt" count="212"/>
        <line num="38" type="stmt" count="212"/>
        <line num="39" type="stmt" count="212"/>
        <line num="117" type="method" name="anonymous function" complexity="1" crap="1" count="81"/>
        <line num="118" type="stmt" count="81"/>
        <line num="119" type="stmt" count="81"/>
        <metrics loc="121" ncloc="72" classes="1" methods="3" coveredmethods="3" conditionals="0" coveredconditionals="0" statements="8" coveredstatements="8" elements="11" coveredelements="11"/>
      </file>
      <file name="/var/www/wa/clean-api/app/DataStore/CarrierDevice.php">
        <class name="CarrierDevice" namespace="WA\DataStore">
          <metrics complexity="0" methods="0" coveredmethods="0" conditionals="0" coveredconditionals="0" statements="0" coveredstatements="0" elements="0" coveredelements="0"/>
        </class>
        <metrics loc="61" ncloc="27" classes="1" methods="0" coveredmethods="0" conditionals="0" coveredconditionals="0" statements="0" coveredstatements="0" elements="0" coveredelements="0"/>
      </file>
      <file name="/var/www/wa/clean-api/app/DataStore/CompanyCarrier.php">
        <class name="CompanyCarrier" namespace="WA\DataStore">
          <metrics complexity="0" methods="0" coveredmethods="0" conditionals="0" coveredconditionals="0" statements="0" coveredstatements="0" elements="0" coveredelements="0"/>
        </class>
        <metrics loc="31" ncloc="24" classes="1" methods="0" coveredmethods="0" conditionals="0" coveredconditionals="0" statements="0" coveredstatements="0" elements="0" coveredelements="0"/>
      </file>
      <file name="/var/www/wa/clean-api/app/DataStore/EmailNotifications.php">
        <class name="EmailNotifications" namespace="WA\DataStore">
          <metrics complexity="0" methods="0" coveredmethods="0" conditionals="0" coveredconditionals="0" statements="0" coveredstatements="0" elements="0" coveredelements="0"/>
        </class>
        <metrics loc="14" ncloc="9" classes="1" methods="0" coveredmethods="0" conditionals="0" coveredconditionals="0" statements="0" coveredstatements="0" elements="0" coveredelements="0"/>
      </file>
      <file name="/var/www/wa/clean-api/app/DataStore/FilterableTransformer.php">
        <class name="FilterableTransformer" namespace="WA\DataStore">
          <metrics complexity="3" methods="2" coveredmethods="1" conditionals="0" coveredconditionals="0" statements="9" coveredstatements="7" elements="11" coveredelements="8"/>
        </class>
        <line num="14" type="method" name="__call" visibility="public" complexity="2" crap="2.50" count="40"/>
        <line num="16" type="stmt" count="40"/>
        <line num="17" type="stmt" count="40"/>
        <line num="19" type="stmt" count="0"/>
        <line num="20" type="stmt" count="0"/>
        <line num="23" type="method" name="dynamicInclude" visibility="public" complexity="1" crap="1" count="40"/>
        <line num="25" type="stmt" count="40"/>
        <line num="26" type="stmt" count="40"/>
        <line num="27" type="stmt" count="40"/>
        <line num="28" type="stmt" count="40"/>
        <line num="29" type="stmt" count="40"/>
        <line num="31" type="stmt" count="40"/>
        <line num="32" type="stmt" count="0"/>
        <line num="34" type="stmt" count="40"/>
        <line num="35" type="stmt" count="40"/>
        <metrics loc="38" ncloc="38" classes="1" methods="2" coveredmethods="1" conditionals="0" coveredconditionals="0" statements="13" coveredstatements="10" elements="15" coveredelements="11"/>
      </file>
      <file name="/var/www/wa/clean-api/app/DataStore/JobStatus.php">
        <class name="JobStatus" namespace="WA\DataStore">
          <metrics complexity="1" methods="0" coveredmethods="0" conditionals="0" coveredconditionals="0" statements="0" coveredstatements="0" elements="0" coveredelements="0"/>
        </class>
        <metrics loc="32" ncloc="13" classes="1" methods="0" coveredmethods="0" conditionals="0" coveredconditionals="0" statements="0" coveredstatements="0" elements="0" coveredelements="0"/>
      </file>
      <file name="/var/www/wa/clean-api/app/DataStore/MutableDataStore.php">
        <class name="MutableDataStore" namespace="WA\DataStore">
          <metrics complexity="4" methods="2" coveredmethods="1" conditionals="0" coveredconditionals="0" statements="9" coveredstatements="8" elements="11" coveredelements="9"/>
        </class>
        <line num="17" type="method" name="__construct" visibility="public" complexity="1" crap="1" count="96"/>
        <line num="19" type="stmt" count="96"/>
        <line num="20" type="stmt" count="96"/>
        <line num="21" type="stmt" count="96"/>
        <line num="31" type="method" name="setTable" visibility="public" complexity="3" crap="3.04" count="96"/>
        <line num="33" type="stmt" count="96"/>
        <line num="35" type="stmt" count="96"/>
        <line num="37" type="stmt" count="96"/>
        <line num="39" type="stmt" count="96"/>
        <line num="40" type="stmt" count="0"/>
        <line num="42" type="stmt" count="96"/>
        <metrics loc="43" ncloc="30" classes="1" methods="2" coveredmethods="1" conditionals="0" coveredconditionals="0" statements="9" coveredstatements="8" elements="11" coveredelements="9"/>
      </file>
      <file name="/var/www/wa/clean-api/app/DataStore/NotificationCategory.php">
        <class name="NotificationCategory" namespace="WA\DataStore">
          <metrics complexity="0" methods="0" coveredmethods="0" conditionals="0" coveredconditionals="0" statements="0" coveredstatements="0" elements="0" coveredelements="0"/>
        </class>
        <metrics loc="13" ncloc="8" classes="1" methods="0" coveredmethods="0" conditionals="0" coveredconditionals="0" statements="0" coveredstatements="0" elements="0" coveredelements="0"/>
      </file>
      <file name="/var/www/wa/clean-api/app/DataStore/UserAsset.php">
        <class name="UserAsset" namespace="WA\DataStore">
          <metrics complexity="0" methods="0" coveredmethods="0" conditionals="0" coveredconditionals="0" statements="0" coveredstatements="0" elements="0" coveredelements="0"/>
        </class>
        <metrics loc="34" ncloc="16" classes="1" methods="0" coveredmethods="0" conditionals="0" coveredconditionals="0" statements="0" coveredstatements="0" elements="0" coveredelements="0"/>
      </file>
      <file name="/var/www/wa/clean-api/app/DataStore/UserCarrier.php">
        <class name="UserCarrier" namespace="WA\DataStore">
          <metrics complexity="0" methods="0" coveredmethods="0" conditionals="0" coveredconditionals="0" statements="0" coveredstatements="0" elements="0" coveredelements="0"/>
        </class>
        <metrics loc="38" ncloc="20" classes="1" methods="0" coveredmethods="0" conditionals="0" coveredconditionals="0" statements="0" coveredstatements="0" elements="0" coveredelements="0"/>
      </file>
      <file name="/var/www/wa/clean-api/app/DataStore/UserNotifications.php">
        <class name="UserNotifications" namespace="WA\DataStore">
          <metrics complexity="1" methods="1" coveredmethods="0" conditionals="0" coveredconditionals="0" statements="3" coveredstatements="0" elements="4" coveredelements="0"/>
        </class>
        <line num="18" type="method" name="users" visibility="public" complexity="1" crap="2" count="0"/>
        <line num="19" type="stmt" count="0"/>
        <line num="20" type="stmt" count="0"/>
        <line num="21" type="stmt" count="0"/>
        <metrics loc="22" ncloc="13" classes="1" methods="1" coveredmethods="0" conditionals="0" coveredconditionals="0" statements="3" coveredstatements="0" elements="4" coveredelements="0"/>
      </file>
    </package>
    <package name="WA\DataStore\Carrier">
      <file name="/var/www/wa/clean-api/app/DataStore/Carrier/Carrier.php">
        <class name="Carrier" namespace="WA\DataStore\Carrier">
          <metrics complexity="9" methods="1" coveredmethods="1" conditionals="0" coveredconditionals="0" statements="1" coveredstatements="1" elements="2" coveredelements="2"/>
        </class>
        <line num="112" type="method" name="getTransformer" visibility="public" complexity="1" crap="1" count="3"/>
        <line num="114" type="stmt" count="3"/>
        <metrics loc="116" ncloc="63" classes="1" methods="1" coveredmethods="1" conditionals="0" coveredconditionals="0" statements="1" coveredstatements="1" elements="2" coveredelements="2"/>
      </file>
      <file name="/var/www/wa/clean-api/app/DataStore/Carrier/CarrierDetail.php">
        <class name="CarrierDetail" namespace="WA\DataStore\Carrier">
          <metrics complexity="3" methods="3" coveredmethods="0" conditionals="0" coveredconditionals="0" statements="9" coveredstatements="0" elements="12" coveredelements="0"/>
        </class>
        <line num="21" type="method" name="carrier" visibility="public" complexity="1" crap="2" count="0"/>
        <line num="22" type="stmt" count="0"/>
        <line num="23" type="stmt" count="0"/>
        <line num="24" type="stmt" count="0"/>
        <line num="29" type="method" name="company" visibility="public" complexity="1" crap="2" count="0"/>
        <line num="30" type="stmt" count="0"/>
        <line num="31" type="stmt" count="0"/>
        <line num="32" type="stmt" count="0"/>
        <line num="39" type="method" name="getTransformer" visibility="public" complexity="1" crap="2" count="0"/>
        <line num="40" type="stmt" count="0"/>
        <line num="41" type="stmt" count="0"/>
        <line num="42" type="stmt" count="0"/>
        <metrics loc="43" ncloc="25" classes="1" methods="3" coveredmethods="0" conditionals="0" coveredconditionals="0" statements="9" coveredstatements="0" elements="12" coveredelements="0"/>
      </file>
      <file name="/var/www/wa/clean-api/app/DataStore/Carrier/CarrierDetailTransformer.php">
        <class name="CarrierDetailTransformer" namespace="WA\DataStore\Carrier">
          <metrics complexity="1" methods="1" coveredmethods="0" conditionals="0" coveredconditionals="0" statements="9" coveredstatements="0" elements="10" coveredelements="0"/>
        </class>
        <line num="15" type="method" name="transform" visibility="public" complexity="1" crap="2" count="0"/>
        <line num="16" type="stmt" count="0"/>
        <line num="17" type="stmt" count="0"/>
        <line num="18" type="stmt" count="0"/>
        <line num="19" type="stmt" count="0"/>
        <line num="20" type="stmt" count="0"/>
        <line num="21" type="stmt" count="0"/>
        <line num="22" type="stmt" count="0"/>
        <line num="23" type="stmt" count="0"/>
        <line num="24" type="stmt" count="0"/>
        <metrics loc="25" ncloc="17" classes="1" methods="1" coveredmethods="0" conditionals="0" coveredconditionals="0" statements="9" coveredstatements="0" elements="10" coveredelements="0"/>
      </file>
      <file name="/var/www/wa/clean-api/app/DataStore/Carrier/CarrierTransformer.php">
        <class name="CarrierTransformer" namespace="WA\DataStore\Carrier">
          <metrics complexity="1" methods="1" coveredmethods="1" conditionals="0" coveredconditionals="0" statements="8" coveredstatements="8" elements="9" coveredelements="9"/>
        </class>
        <line num="23" type="method" name="transform" visibility="public" complexity="1" crap="1" count="13"/>
        <line num="26" type="stmt" count="13"/>
        <line num="27" type="stmt" count="13"/>
        <line num="28" type="stmt" count="13"/>
        <line num="29" type="stmt" count="13"/>
        <line num="30" type="stmt" count="13"/>
        <line num="31" type="stmt" count="13"/>
        <line num="32" type="stmt" count="13"/>
        <line num="33" type="stmt" count="13"/>
        <metrics loc="37" ncloc="29" classes="1" methods="1" coveredmethods="1" conditionals="0" coveredconditionals="0" statements="8" coveredstatements="8" elements="9" coveredelements="9"/>
      </file>
    </package>
    <package name="WA\DataStore\Category">
      <file name="/var/www/wa/clean-api/app/DataStore/Category/CategoryApp.php">
        <class name="CategoryApp" namespace="WA\DataStore\Category">
          <metrics complexity="3" methods="3" coveredmethods="3" conditionals="0" coveredconditionals="0" statements="3" coveredstatements="3" elements="6" coveredelements="6"/>
        </class>
        <line num="18" type="method" name="apps" visibility="public" complexity="1" crap="1" count="1"/>
        <line num="20" type="stmt" count="1"/>
        <line num="26" type="method" name="images" visibility="public" complexity="1" crap="1" count="1"/>
        <line num="28" type="stmt" count="1"/>
        <line num="36" type="method" name="getTransformer" visibility="public" complexity="1" crap="1" count="4"/>
        <line num="38" type="stmt" count="4"/>
        <metrics loc="40" ncloc="29" classes="1" methods="3" coveredmethods="3" conditionals="0" coveredconditionals="0" statements="3" coveredstatements="3" elements="6" coveredelements="6"/>
      </file>
      <file name="/var/www/wa/clean-api/app/DataStore/Category/CategoryAppTransformer.php">
        <class name="CategoryAppTransformer" namespace="WA\DataStore\Category">
          <metrics complexity="1" methods="1" coveredmethods="1" conditionals="0" coveredconditionals="0" statements="4" coveredstatements="4" elements="5" coveredelements="5"/>
        </class>
        <line num="21" type="method" name="transform" visibility="public" complexity="1" crap="1" count="10"/>
        <line num="24" type="stmt" count="10"/>
        <line num="25" type="stmt" count="10"/>
        <line num="26" type="stmt" count="10"/>
        <line num="27" type="stmt" count="10"/>
        <metrics loc="30" ncloc="23" classes="1" methods="1" coveredmethods="1" conditionals="0" coveredconditionals="0" statements="4" coveredstatements="4" elements="5" coveredelements="5"/>
      </file>
      <file name="/var/www/wa/clean-api/app/DataStore/Category/Preset.php">
        <class name="Preset" namespace="WA\DataStore\Category">
          <metrics complexity="3" methods="3" coveredmethods="3" conditionals="0" coveredconditionals="0" statements="3" coveredstatements="3" elements="6" coveredelements="6"/>
        </class>
        <line num="18" type="method" name="devices" visibility="public" complexity="1" crap="1" count="1"/>
        <line num="20" type="stmt" count="1"/>
        <line num="26" type="method" name="images" visibility="public" complexity="1" crap="1" count="1"/>
        <line num="28" type="stmt" count="1"/>
        <line num="36" type="method" name="getTransformer" visibility="public" complexity="1" crap="1" count="4"/>
        <line num="38" type="stmt" count="4"/>
        <metrics loc="40" ncloc="29" classes="1" methods="3" coveredmethods="3" conditionals="0" coveredconditionals="0" statements="3" coveredstatements="3" elements="6" coveredelements="6"/>
      </file>
      <file name="/var/www/wa/clean-api/app/DataStore/Category/PresetTransformer.php">
        <class name="PresetTransformer" namespace="WA\DataStore\Category">
          <metrics complexity="1" methods="1" coveredmethods="1" conditionals="0" coveredconditionals="0" statements="4" coveredstatements="4" elements="5" coveredelements="5"/>
        </class>
        <line num="23" type="method" name="transform" visibility="public" complexity="1" crap="1" count="10"/>
        <line num="26" type="stmt" count="10"/>
        <line num="27" type="stmt" count="10"/>
        <line num="28" type="stmt" count="10"/>
        <line num="29" type="stmt" count="10"/>
        <metrics loc="33" ncloc="25" classes="1" methods="1" coveredmethods="1" conditionals="0" coveredconditionals="0" statements="4" coveredstatements="4" elements="5" coveredelements="5"/>
      </file>
    </package>
    <package name="WA\DataStore\Company">
      <file name="/var/www/wa/clean-api/app/DataStore/Company/Company.php">
        <class name="Company" namespace="WA\DataStore\Company">
          <metrics complexity="14" methods="3" coveredmethods="3" conditionals="0" coveredconditionals="0" statements="3" coveredstatements="3" elements="6" coveredelements="6"/>
        </class>
        <line num="97" type="method" name="currentBillMonths" visibility="public" complexity="1" crap="1" count="1"/>
        <line num="99" type="stmt" count="1"/>
        <line num="108" type="method" name="getTransformer" visibility="public" complexity="1" crap="1" count="3"/>
        <line num="110" type="stmt" count="3"/>
        <line num="118" type="method" name="saml2Settings" visibility="public" complexity="1" crap="1" count="4"/>
        <line num="120" type="stmt" count="4"/>
        <metrics loc="143" ncloc="94" classes="1" methods="3" coveredmethods="3" conditionals="0" coveredconditionals="0" statements="3" coveredstatements="3" elements="6" coveredelements="6"/>
      </file>
      <file name="/var/www/wa/clean-api/app/DataStore/Company/CompanyCurrentBillMonth.php">
        <class name="CompanyCurrentBillMonth" namespace="WA\DataStore\Company">
          <metrics complexity="3" methods="0" coveredmethods="0" conditionals="0" coveredconditionals="0" statements="0" coveredstatements="0" elements="0" coveredelements="0"/>
        </class>
        <metrics loc="47" ncloc="27" classes="1" methods="0" coveredmethods="0" conditionals="0" coveredconditionals="0" statements="0" coveredstatements="0" elements="0" coveredelements="0"/>
      </file>
      <file name="/var/www/wa/clean-api/app/DataStore/Company/CompanyCurrentBillMonthTransformer.php">
        <class name="CompanyCurrentBillMonthTransformer" namespace="WA\DataStore\Company" fullPackage="WA" package="WA">
          <metrics complexity="1" methods="1" coveredmethods="1" conditionals="0" coveredconditionals="0" statements="4" coveredstatements="4" elements="5" coveredelements="5"/>
        </class>
        <line num="13" type="method" name="transform" visibility="public" complexity="1" crap="1" count="1"/>
        <line num="16" type="stmt" count="1"/>
        <line num="17" type="stmt" count="1"/>
        <line num="18" type="stmt" count="1"/>
        <line num="19" type="stmt" count="1"/>
        <metrics loc="22" ncloc="18" classes="1" methods="1" coveredmethods="1" conditionals="0" coveredconditionals="0" statements="4" coveredstatements="4" elements="5" coveredelements="5"/>
      </file>
      <file name="/var/www/wa/clean-api/app/DataStore/Company/CompanyDomains.php">
        <class name="CompanyDomains" namespace="WA\DataStore\Company">
          <metrics complexity="0" methods="0" coveredmethods="0" conditionals="0" coveredconditionals="0" statements="0" coveredstatements="0" elements="0" coveredelements="0"/>
        </class>
        <metrics loc="17" ncloc="12" classes="1" methods="0" coveredmethods="0" conditionals="0" coveredconditionals="0" statements="0" coveredstatements="0" elements="0" coveredelements="0"/>
      </file>
      <file name="/var/www/wa/clean-api/app/DataStore/Company/CompanySaml2.php">
        <class name="CompanySaml2" namespace="WA\DataStore\Company">
          <metrics complexity="0" methods="0" coveredmethods="0" conditionals="0" coveredconditionals="0" statements="0" coveredstatements="0" elements="0" coveredelements="0"/>
        </class>
        <metrics loc="17" ncloc="12" classes="1" methods="0" coveredmethods="0" conditionals="0" coveredconditionals="0" statements="0" coveredstatements="0" elements="0" coveredelements="0"/>
      </file>
      <file name="/var/www/wa/clean-api/app/DataStore/Company/CompanyTransformer.php">
        <class name="CompanyTransformer" namespace="WA\DataStore\Company">
          <metrics complexity="8" methods="2" coveredmethods="2" conditionals="0" coveredconditionals="0" statements="10" coveredstatements="10" elements="12" coveredelements="12"/>
        </class>
        <line num="30" type="method" name="transform" visibility="public" complexity="1" crap="1" count="8"/>
        <line num="33" type="stmt" count="8"/>
        <line num="34" type="stmt" count="8"/>
        <line num="35" type="stmt" count="8"/>
        <line num="36" type="stmt" count="8"/>
        <line num="37" type="stmt" count="8"/>
        <line num="38" type="stmt" count="8"/>
        <line num="39" type="stmt" count="8"/>
        <line num="40" type="stmt" count="8"/>
        <line num="41" type="stmt" count="8"/>
        <line num="86" type="method" name="includeCurrentBillMonths" visibility="public" complexity="1" crap="1" count="1"/>
        <line num="88" type="stmt" count="1"/>
        <metrics loc="104" ncloc="74" classes="1" methods="2" coveredmethods="2" conditionals="0" coveredconditionals="0" statements="10" coveredstatements="10" elements="12" coveredelements="12"/>
      </file>
    </package>
    <package name="WA\DataStore\Condition">
      <file name="/var/www/wa/clean-api/app/DataStore/Condition/Condition.php">
        <class name="Condition" namespace="WA\DataStore\Condition">
          <metrics complexity="3" methods="1" coveredmethods="1" conditionals="0" coveredconditionals="0" statements="1" coveredstatements="1" elements="2" coveredelements="2"/>
        </class>
        <line num="37" type="method" name="getTransformer" visibility="public" complexity="1" crap="1" count="3"/>
        <line num="39" type="stmt" count="3"/>
        <metrics loc="49" ncloc="33" classes="1" methods="1" coveredmethods="1" conditionals="0" coveredconditionals="0" statements="1" coveredstatements="1" elements="2" coveredelements="2"/>
      </file>
      <file name="/var/www/wa/clean-api/app/DataStore/Condition/ConditionField.php">
        <class name="ConditionField" namespace="WA\DataStore\Condition">
          <metrics complexity="2" methods="2" coveredmethods="0" conditionals="0" coveredconditionals="0" statements="6" coveredstatements="0" elements="8" coveredelements="0"/>
        </class>
        <line num="27" type="method" name="owner" visibility="public" complexity="1" crap="2" count="0"/>
        <line num="28" type="stmt" count="0"/>
        <line num="29" type="stmt" count="0"/>
        <line num="30" type="stmt" count="0"/>
        <line num="37" type="method" name="getTransformer" visibility="public" complexity="1" crap="2" count="0"/>
        <line num="38" type="stmt" count="0"/>
        <line num="39" type="stmt" count="0"/>
        <line num="40" type="stmt" count="0"/>
        <metrics loc="41" ncloc="28" classes="1" methods="2" coveredmethods="0" conditionals="0" coveredconditionals="0" statements="6" coveredstatements="0" elements="8" coveredelements="0"/>
      </file>
      <file name="/var/www/wa/clean-api/app/DataStore/Condition/ConditionFieldTransformer.php">
        <class name="ConditionFieldTransformer" namespace="WA\DataStore\Condition">
          <metrics complexity="1" methods="1" coveredmethods="0" conditionals="0" coveredconditionals="0" statements="7" coveredstatements="0" elements="8" coveredelements="0"/>
        </class>
        <line num="17" type="method" name="transform" visibility="public" complexity="1" crap="2" count="0"/>
        <line num="18" type="stmt" count="0"/>
        <line num="19" type="stmt" count="0"/>
        <line num="21" type="stmt" count="0"/>
        <line num="22" type="stmt" count="0"/>
        <line num="23" type="stmt" count="0"/>
        <line num="24" type="stmt" count="0"/>
        <line num="25" type="stmt" count="0"/>
        <metrics loc="26" ncloc="18" classes="1" methods="1" coveredmethods="0" conditionals="0" coveredconditionals="0" statements="7" coveredstatements="0" elements="8" coveredelements="0"/>
      </file>
      <file name="/var/www/wa/clean-api/app/DataStore/Condition/ConditionOperator.php">
        <class name="ConditionOperator" namespace="WA\DataStore\Condition">
          <metrics complexity="2" methods="2" coveredmethods="0" conditionals="0" coveredconditionals="0" statements="6" coveredstatements="0" elements="8" coveredelements="0"/>
        </class>
        <line num="27" type="method" name="owner" visibility="public" complexity="1" crap="2" count="0"/>
        <line num="28" type="stmt" count="0"/>
        <line num="29" type="stmt" count="0"/>
        <line num="30" type="stmt" count="0"/>
        <line num="37" type="method" name="getTransformer" visibility="public" complexity="1" crap="2" count="0"/>
        <line num="38" type="stmt" count="0"/>
        <line num="39" type="stmt" count="0"/>
        <line num="40" type="stmt" count="0"/>
        <metrics loc="41" ncloc="28" classes="1" methods="2" coveredmethods="0" conditionals="0" coveredconditionals="0" statements="6" coveredstatements="0" elements="8" coveredelements="0"/>
      </file>
      <file name="/var/www/wa/clean-api/app/DataStore/Condition/ConditionOperatorTransformer.php">
        <class name="ConditionOperatorTransformer" namespace="WA\DataStore\Condition">
          <metrics complexity="1" methods="1" coveredmethods="0" conditionals="0" coveredconditionals="0" statements="7" coveredstatements="0" elements="8" coveredelements="0"/>
        </class>
        <line num="17" type="method" name="transform" visibility="public" complexity="1" crap="2" count="0"/>
        <line num="18" type="stmt" count="0"/>
        <line num="19" type="stmt" count="0"/>
        <line num="21" type="stmt" count="0"/>
        <line num="22" type="stmt" count="0"/>
        <line num="23" type="stmt" count="0"/>
        <line num="24" type="stmt" count="0"/>
        <line num="25" type="stmt" count="0"/>
        <metrics loc="26" ncloc="18" classes="1" methods="1" coveredmethods="0" conditionals="0" coveredconditionals="0" statements="7" coveredstatements="0" elements="8" coveredelements="0"/>
      </file>
      <file name="/var/www/wa/clean-api/app/DataStore/Condition/ConditionTransformer.php">
        <class name="ConditionTransformer" namespace="WA\DataStore\Condition">
          <metrics complexity="1" methods="1" coveredmethods="1" conditionals="0" coveredconditionals="0" statements="7" coveredstatements="7" elements="8" coveredelements="8"/>
        </class>
        <line num="17" type="method" name="transform" visibility="public" complexity="1" crap="1" count="5"/>
        <line num="21" type="stmt" count="5"/>
        <line num="22" type="stmt" count="5"/>
        <line num="23" type="stmt" count="5"/>
        <line num="24" type="stmt" count="5"/>
        <line num="25" type="stmt" count="5"/>
        <line num="26" type="stmt" count="5"/>
        <line num="27" type="stmt" count="5"/>
        <metrics loc="30" ncloc="22" classes="1" methods="1" coveredmethods="1" conditionals="0" coveredconditionals="0" statements="7" coveredstatements="7" elements="8" coveredelements="8"/>
      </file>
    </package>
    <package name="WA\DataStore\Content">
      <file name="/var/www/wa/clean-api/app/DataStore/Content/Content.php">
        <class name="Content" namespace="WA\DataStore\Content">
          <metrics complexity="2" methods="1" coveredmethods="1" conditionals="0" coveredconditionals="0" statements="1" coveredstatements="1" elements="2" coveredelements="2"/>
        </class>
        <line num="31" type="method" name="getTransformer" visibility="public" complexity="1" crap="1" count="2"/>
        <line num="33" type="stmt" count="2"/>
        <metrics loc="35" ncloc="22" classes="1" methods="1" coveredmethods="1" conditionals="0" coveredconditionals="0" statements="1" coveredstatements="1" elements="2" coveredelements="2"/>
      </file>
      <file name="/var/www/wa/clean-api/app/DataStore/Content/ContentTransformer.php">
        <class name="ContentTransformer" namespace="WA\DataStore\Content">
          <metrics complexity="1" methods="1" coveredmethods="1" conditionals="0" coveredconditionals="0" statements="5" coveredstatements="5" elements="6" coveredelements="6"/>
        </class>
        <line num="17" type="method" name="transform" visibility="public" complexity="1" crap="1" count="8"/>
        <line num="21" type="stmt" count="8"/>
        <line num="23" type="stmt" count="8"/>
        <line num="25" type="stmt" count="8"/>
        <line num="27" type="stmt" count="8"/>
        <line num="29" type="stmt" count="8"/>
        <metrics loc="32" ncloc="24" classes="1" methods="1" coveredmethods="1" conditionals="0" coveredconditionals="0" statements="5" coveredstatements="5" elements="6" coveredelements="6"/>
      </file>
    </package>
    <package name="WA\DataStore\Device">
      <file name="/var/www/wa/clean-api/app/DataStore/Device/Device.php">
        <class name="Device" namespace="WA\DataStore\Device">
          <metrics complexity="13" methods="13" coveredmethods="8" conditionals="0" coveredconditionals="0" statements="13" coveredstatements="8" elements="26" coveredelements="16"/>
        </class>
        <line num="58" type="method" name="assets" visibility="public" complexity="1" crap="1" count="6"/>
        <line num="60" type="stmt" count="6"/>
        <line num="66" type="method" name="users" visibility="public" complexity="1" crap="2" count="0"/>
        <line num="68" type="stmt" count="0"/>
        <line num="74" type="method" name="carriers" visibility="public" complexity="1" crap="1" count="9"/>
        <line num="76" type="stmt" count="9"/>
        <line num="82" type="method" name="modifications" visibility="public" complexity="1" crap="1" count="8"/>
        <line num="84" type="stmt" count="8"/>
        <line num="90" type="method" name="companies" visibility="public" complexity="1" crap="1" count="9"/>
        <line num="92" type="stmt" count="9"/>
        <line num="98" type="method" name="images" visibility="public" complexity="1" crap="1" count="2"/>
        <line num="100" type="stmt" count="2"/>
        <line num="106" type="method" name="prices" visibility="public" complexity="1" crap="1" count="9"/>
        <line num="108" type="stmt" count="9"/>
        <line num="114" type="method" name="packages" visibility="public" complexity="1" crap="2" count="0"/>
        <line num="116" type="stmt" count="0"/>
        <line num="122" type="method" name="attributes" visibility="public" complexity="1" crap="2" count="0"/>
        <line num="124" type="stmt" count="0"/>
        <line num="130" type="method" name="sync" visibility="public" complexity="1" crap="2" count="0"/>
        <line num="132" type="stmt" count="0"/>
        <line num="138" type="method" name="devicetypes" visibility="public" complexity="1" crap="1" count="25"/>
        <line num="140" type="stmt" count="25"/>
        <line num="146" type="method" name="orders" visibility="public" complexity="1" crap="2" count="0"/>
        <line num="148" type="stmt" count="0"/>
        <line num="156" type="method" name="getTransformer" visibility="public" complexity="1" crap="1" count="12"/>
        <line num="158" type="stmt" count="12"/>
        <metrics loc="160" ncloc="92" classes="1" methods="13" coveredmethods="8" conditionals="0" coveredconditionals="0" statements="13" coveredstatements="8" elements="26" coveredelements="16"/>
      </file>
      <file name="/var/www/wa/clean-api/app/DataStore/Device/DeviceTransformer.php">
        <class name="DeviceTransformer" namespace="WA\DataStore\Device">
          <metrics complexity="2" methods="2" coveredmethods="2" conditionals="0" coveredconditionals="0" statements="13" coveredstatements="13" elements="15" coveredelements="15"/>
        </class>
        <line num="35" type="method" name="transform" visibility="public" complexity="1" crap="1" count="25"/>
        <line num="38" type="stmt" count="25"/>
        <line num="39" type="stmt" count="25"/>
        <line num="40" type="stmt" count="25"/>
        <line num="41" type="stmt" count="25"/>
        <line num="42" type="stmt" count="25"/>
        <line num="43" type="stmt" count="25"/>
        <line num="44" type="stmt" count="25"/>
        <line num="45" type="stmt" count="25"/>
        <line num="46" type="stmt" count="25"/>
        <line num="56" type="method" name="includeDevicetypes" visibility="public" complexity="1" crap="1" count="25"/>
        <line num="58" type="stmt" count="25"/>
        <line num="59" type="stmt" count="25"/>
        <line num="61" type="stmt" count="25"/>
        <line num="62" type="stmt" count="25"/>
        <metrics loc="64" ncloc="50" classes="1" methods="2" coveredmethods="2" conditionals="0" coveredconditionals="0" statements="13" coveredstatements="13" elements="15" coveredelements="15"/>
      </file>
    </package>
    <package name="WA\DataStore\DeviceType">
      <file name="/var/www/wa/clean-api/app/DataStore/DeviceType/DeviceType.php">
        <class name="DeviceType" namespace="WA\DataStore\DeviceType">
          <metrics complexity="5" methods="4" coveredmethods="0" conditionals="0" coveredconditionals="0" statements="7" coveredstatements="3" elements="11" coveredelements="3"/>
        </class>
        <line num="50" type="method" name="__construct" visibility="public" complexity="2" crap="2.06" count="52"/>
        <line num="52" type="stmt" count="52"/>
        <line num="53" type="stmt" count="52"/>
        <line num="54" type="stmt" count="0"/>
        <line num="56" type="stmt" count="52"/>
        <line num="61" type="method" name="devices" visibility="public" complexity="1" crap="2" count="0"/>
        <line num="63" type="stmt" count="0"/>
        <line num="66" type="method" name="carrierDevice" visibility="public" complexity="1" crap="2" count="0"/>
        <line num="68" type="stmt" count="0"/>
        <line num="76" type="method" name="getTransformer" visibility="public" complexity="1" crap="2" count="0"/>
        <line num="78" type="stmt" count="0"/>
        <metrics loc="80" ncloc="46" classes="1" methods="4" coveredmethods="0" conditionals="0" coveredconditionals="0" statements="7" coveredstatements="3" elements="11" coveredelements="3"/>
      </file>
      <file name="/var/www/wa/clean-api/app/DataStore/DeviceType/DeviceTypeTransformer.php">
        <class name="DeviceTypeTransformer" namespace="WA\DataStore\DeviceType">
          <metrics complexity="1" methods="1" coveredmethods="1" conditionals="0" coveredconditionals="0" statements="8" coveredstatements="8" elements="9" coveredelements="9"/>
        </class>
        <line num="17" type="method" name="transform" visibility="public" complexity="1" crap="1" count="25"/>
        <line num="20" type="stmt" count="25"/>
        <line num="21" type="stmt" count="25"/>
        <line num="22" type="stmt" count="25"/>
        <line num="23" type="stmt" count="25"/>
        <line num="24" type="stmt" count="25"/>
        <line num="25" type="stmt" count="25"/>
        <line num="26" type="stmt" count="25"/>
        <line num="27" type="stmt" count="25"/>
        <metrics loc="30" ncloc="22" classes="1" methods="1" coveredmethods="1" conditionals="0" coveredconditionals="0" statements="8" coveredstatements="8" elements="9" coveredelements="9"/>
      </file>
    </package>
    <package name="WA\DataStore\Image">
      <file name="/var/www/wa/clean-api/app/DataStore/Image/Image.php">
        <class name="Image" namespace="WA\DataStore\Image">
          <metrics complexity="2" methods="1" coveredmethods="1" conditionals="0" coveredconditionals="0" statements="1" coveredstatements="1" elements="2" coveredelements="2"/>
        </class>
        <line num="38" type="method" name="getTransformer" visibility="public" complexity="1" crap="1" count="1"/>
        <line num="40" type="stmt" count="1"/>
        <metrics loc="42" ncloc="29" classes="1" methods="1" coveredmethods="1" conditionals="0" coveredconditionals="0" statements="1" coveredstatements="1" elements="2" coveredelements="2"/>
      </file>
      <file name="/var/www/wa/clean-api/app/DataStore/Image/ImageTransformer.php">
        <class name="ImageTransformer" namespace="WA\DataStore\Image">
          <metrics complexity="1" methods="1" coveredmethods="1" conditionals="0" coveredconditionals="0" statements="9" coveredstatements="9" elements="10" coveredelements="10"/>
        </class>
        <line num="17" type="method" name="transform" visibility="public" complexity="1" crap="1" count="6"/>
        <line num="21" type="stmt" count="6"/>
        <line num="22" type="stmt" count="6"/>
        <line num="23" type="stmt" count="6"/>
        <line num="24" type="stmt" count="6"/>
        <line num="25" type="stmt" count="6"/>
        <line num="26" type="stmt" count="6"/>
        <line num="27" type="stmt" count="6"/>
        <line num="28" type="stmt" count="6"/>
        <line num="29" type="stmt" count="6"/>
        <metrics loc="32" ncloc="24" classes="1" methods="1" coveredmethods="1" conditionals="0" coveredconditionals="0" statements="9" coveredstatements="9" elements="10" coveredelements="10"/>
      </file>
    </package>
    <package name="WA\DataStore\Location">
      <file name="/var/www/wa/clean-api/app/DataStore/Location/Location.php">
        <class name="Location" namespace="WA\DataStore\Location">
          <metrics complexity="2" methods="0" coveredmethods="0" conditionals="0" coveredconditionals="0" statements="0" coveredstatements="0" elements="0" coveredelements="0"/>
        </class>
        <metrics loc="35" ncloc="22" classes="1" methods="0" coveredmethods="0" conditionals="0" coveredconditionals="0" statements="0" coveredstatements="0" elements="0" coveredelements="0"/>
      </file>
    </package>
    <package name="WA\DataStore\Modification">
      <file name="/var/www/wa/clean-api/app/DataStore/Modification/Modification.php">
        <class name="Modification" namespace="WA\DataStore\Modification">
          <metrics complexity="3" methods="1" coveredmethods="1" conditionals="0" coveredconditionals="0" statements="1" coveredstatements="1" elements="2" coveredelements="2"/>
        </class>
        <line num="35" type="method" name="getTransformer" visibility="public" complexity="1" crap="1" count="2"/>
        <line num="37" type="stmt" count="2"/>
        <metrics loc="47" ncloc="31" classes="1" methods="1" coveredmethods="1" conditionals="0" coveredconditionals="0" statements="1" coveredstatements="1" elements="2" coveredelements="2"/>
      </file>
      <file name="/var/www/wa/clean-api/app/DataStore/Modification/ModificationTransformer.php">
        <class name="ModificationTransformer" namespace="WA\DataStore\Modification">
          <metrics complexity="1" methods="1" coveredmethods="1" conditionals="0" coveredconditionals="0" statements="5" coveredstatements="5" elements="6" coveredelements="6"/>
        </class>
        <line num="17" type="method" name="transform" visibility="public" complexity="1" crap="1" count="4"/>
        <line num="20" type="stmt" count="4"/>
        <line num="21" type="stmt" count="4"/>
        <line num="22" type="stmt" count="4"/>
        <line num="23" type="stmt" count="4"/>
        <line num="24" type="stmt" count="4"/>
        <metrics loc="27" ncloc="19" classes="1" methods="1" coveredmethods="1" conditionals="0" coveredconditionals="0" statements="5" coveredstatements="5" elements="6" coveredelements="6"/>
      </file>
    </package>
    <package name="WA\DataStore\Notification">
      <file name="/var/www/wa/clean-api/app/DataStore/Notification/Notifications.php">
        <class name="Notifications" namespace="WA\DataStore\Notification">
          <metrics complexity="1" methods="1" coveredmethods="0" conditionals="0" coveredconditionals="0" statements="3" coveredstatements="0" elements="4" coveredelements="0"/>
        </class>
        <line num="31" type="method" name="users" visibility="public" complexity="1" crap="2" count="0"/>
        <line num="32" type="stmt" count="0"/>
        <line num="33" type="stmt" count="0"/>
        <line num="34" type="stmt" count="0"/>
        <metrics loc="35" ncloc="26" classes="1" methods="1" coveredmethods="0" conditionals="0" coveredconditionals="0" statements="3" coveredstatements="0" elements="4" coveredelements="0"/>
      </file>
    </package>
    <package name="WA\DataStore\Oauth">
      <file name="/var/www/wa/clean-api/app/DataStore/Oauth/Oauth.php">
        <class name="Oauth" namespace="WA\DataStore\Oauth">
          <metrics complexity="0" methods="0" coveredmethods="0" conditionals="0" coveredconditionals="0" statements="0" coveredstatements="0" elements="0" coveredelements="0"/>
        </class>
        <metrics loc="22" ncloc="19" classes="1" methods="0" coveredmethods="0" conditionals="0" coveredconditionals="0" statements="0" coveredstatements="0" elements="0" coveredelements="0"/>
      </file>
    </package>
    <package name="WA\DataStore\Order">
      <file name="/var/www/wa/clean-api/app/DataStore/Order/Order.php">
        <class name="Order" namespace="WA\DataStore\Order">
          <metrics complexity="9" methods="7" coveredmethods="7" conditionals="0" coveredconditionals="0" statements="7" coveredstatements="7" elements="14" coveredelements="14"/>
        </class>
        <line num="38" type="method" name="getTransformer" visibility="public" complexity="1" crap="1" count="3"/>
        <line num="40" type="stmt" count="3"/>
        <line num="46" type="method" name="apps" visibility="public" complexity="1" crap="1" count="4"/>
        <line num="48" type="stmt" count="4"/>
        <line num="54" type="method" name="serviceitems" visibility="public" complexity="1" crap="1" count="4"/>
        <line num="56" type="stmt" count="4"/>
        <line num="70" type="method" name="packages" visibility="public" complexity="1" crap="1" count="4"/>
        <line num="72" type="stmt" count="4"/>
        <line num="78" type="method" name="devices" visibility="public" complexity="1" crap="1" count="4"/>
        <line num="80" type="stmt" count="4"/>
        <line num="86" type="method" name="services" visibility="public" complexity="1" crap="1" count="4"/>
        <line num="88" type="stmt" count="4"/>
        <line num="94" type="method" name="carriers" visibility="public" complexity="1" crap="1" count="4"/>
        <line num="96" type="stmt" count="4"/>
        <metrics loc="98" ncloc="64" classes="1" methods="7" coveredmethods="7" conditionals="0" coveredconditionals="0" statements="7" coveredstatements="7" elements="14" coveredelements="14"/>
      </file>
      <file name="/var/www/wa/clean-api/app/DataStore/Order/OrderTransformer.php">
        <class name="OrderTransformer" namespace="WA\DataStore\Order">
          <metrics complexity="8" methods="8" coveredmethods="8" conditionals="0" coveredconditionals="0" statements="37" coveredstatements="37" elements="45" coveredelements="45"/>
        </class>
        <line num="35" type="method" name="transform" visibility="public" complexity="1" crap="1" count="7"/>
        <line num="39" type="stmt" count="7"/>
        <line num="40" type="stmt" count="7"/>
        <line num="41" type="stmt" count="7"/>
        <line num="42" type="stmt" count="7"/>
        <line num="43" type="stmt" count="7"/>
        <line num="44" type="stmt" count="7"/>
        <line num="45" type="stmt" count="7"/>
        <line num="46" type="stmt" count="7"/>
        <line num="47" type="stmt" count="7"/>
        <line num="52" type="method" name="includeServiceitems" visibility="public" complexity="1" crap="1" count="4"/>
        <line num="54" type="stmt" count="4"/>
        <line num="55" type="stmt" count="4"/>
        <line num="57" type="stmt" count="4"/>
        <line num="58" type="stmt" count="4"/>
        <line num="62" type="method" name="includeApps" visibility="public" complexity="1" crap="1" count="4"/>
        <line num="64" type="stmt" count="4"/>
        <line num="65" type="stmt" count="4"/>
        <line num="67" type="stmt" count="4"/>
        <line num="68" type="stmt" count="4"/>
        <line num="71" type="method" name="includeUsers" visibility="public" complexity="1" crap="1" count="4"/>
        <line num="73" type="stmt" count="4"/>
        <line num="74" type="stmt" count="4"/>
        <line num="76" type="stmt" count="4"/>
        <line num="77" type="stmt" count="4"/>
        <line num="80" type="method" name="includePackages" visibility="public" complexity="1" crap="1" count="4"/>
        <line num="82" type="stmt" count="4"/>
        <line num="83" type="stmt" count="4"/>
        <line num="85" type="stmt" count="4"/>
        <line num="86" type="stmt" count="4"/>
        <line num="89" type="method" name="includeDevices" visibility="public" complexity="1" crap="1" count="4"/>
        <line num="91" type="stmt" count="4"/>
        <line num="92" type="stmt" count="4"/>
        <line num="94" type="stmt" count="4"/>
        <line num="95" type="stmt" count="4"/>
        <line num="98" type="method" name="includeServices" visibility="public" complexity="1" crap="1" count="4"/>
        <line num="100" type="stmt" count="4"/>
        <line num="101" type="stmt" count="4"/>
        <line num="103" type="stmt" count="4"/>
        <line num="104" type="stmt" count="4"/>
        <line num="107" type="method" name="includeCarriers" visibility="public" complexity="1" crap="1" count="4"/>
        <line num="109" type="stmt" count="4"/>
        <line num="110" type="stmt" count="4"/>
        <line num="112" type="stmt" count="4"/>
        <line num="113" type="stmt" count="4"/>
        <metrics loc="115" ncloc="107" classes="1" methods="8" coveredmethods="8" conditionals="0" coveredconditionals="0" statements="37" coveredstatements="37" elements="45" coveredelements="45"/>
      </file>
    </package>
    <package name="WA\DataStore\Overrides">
      <file name="/var/www/wa/clean-api/app/DataStore/Overrides/MorphToMany.php">
        <class name="MorphToMany" namespace="WA\DataStore\Overrides">
          <metrics complexity="10" methods="9" coveredmethods="0" conditionals="0" coveredconditionals="0" statements="48" coveredstatements="0" elements="57" coveredelements="0"/>
        </class>
        <line num="50" type="method" name="__construct" visibility="public" complexity="2" crap="6" count="0"/>
        <line num="51" type="stmt" count="0"/>
        <line num="52" type="stmt" count="0"/>
        <line num="53" type="stmt" count="0"/>
        <line num="54" type="stmt" count="0"/>
        <line num="55" type="stmt" count="0"/>
        <line num="56" type="stmt" count="0"/>
        <line num="57" type="stmt" count="0"/>
        <line num="58" type="stmt" count="0"/>
        <line num="59" type="stmt" count="0"/>
        <line num="60" type="stmt" count="0"/>
        <line num="61" type="stmt" count="0"/>
        <line num="62" type="stmt" count="0"/>
        <line num="65" type="stmt" count="0"/>
        <line num="67" type="stmt" count="0"/>
        <line num="68" type="stmt" count="0"/>
        <line num="75" type="method" name="getMorphType" visibility="public" complexity="1" crap="2" count="0"/>
        <line num="76" type="stmt" count="0"/>
        <line num="77" type="stmt" count="0"/>
        <line num="78" type="stmt" count="0"/>
        <line num="85" type="method" name="getMorphClass" visibility="public" complexity="1" crap="2" count="0"/>
        <line num="86" type="stmt" count="0"/>
        <line num="87" type="stmt" count="0"/>
        <line num="88" type="stmt" count="0"/>
        <line num="95" type="method" name="setWhere" visibility="protected" complexity="1" crap="2" count="0"/>
        <line num="96" type="stmt" count="0"/>
        <line num="97" type="stmt" count="0"/>
        <line num="99" type="stmt" count="0"/>
        <line num="101" type="stmt" count="0"/>
        <line num="102" type="stmt" count="0"/>
        <line num="112" type="method" name="getRelationCountQuery" visibility="public" complexity="1" crap="2" count="0"/>
        <line num="113" type="stmt" count="0"/>
        <line num="114" type="stmt" count="0"/>
        <line num="116" type="stmt" count="0"/>
        <line num="117" type="stmt" count="0"/>
        <line num="124" type="method" name="addEagerConstraints" visibility="public" complexity="1" crap="2" count="0"/>
        <line num="125" type="stmt" count="0"/>
        <line num="126" type="stmt" count="0"/>
        <line num="128" type="stmt" count="0"/>
        <line num="129" type="stmt" count="0"/>
        <line num="139" type="method" name="createAttachRecord" visibility="protected" complexity="1" crap="2" count="0"/>
        <line num="140" type="stmt" count="0"/>
        <line num="141" type="stmt" count="0"/>
        <line num="143" type="stmt" count="0"/>
        <line num="144" type="stmt" count="0"/>
        <line num="151" type="method" name="newPivotQuery" visibility="protected" complexity="1" crap="2" count="0"/>
        <line num="152" type="stmt" count="0"/>
        <line num="153" type="stmt" count="0"/>
        <line num="155" type="stmt" count="0"/>
        <line num="156" type="stmt" count="0"/>
        <line num="166" type="method" name="newPivot" visibility="public" complexity="1" crap="2" count="0"/>
        <line num="167" type="stmt" count="0"/>
        <line num="168" type="stmt" count="0"/>
        <line num="170" type="stmt" count="0"/>
        <line num="172" type="stmt" count="0"/>
        <line num="174" type="stmt" count="0"/>
        <line num="175" type="stmt" count="0"/>
        <metrics loc="176" ncloc="93" classes="1" methods="9" coveredmethods="0" conditionals="0" coveredconditionals="0" statements="48" coveredstatements="0" elements="57" coveredelements="0"/>
      </file>
    </package>
    <package name="WA\DataStore\Package">
      <file name="/var/www/wa/clean-api/app/DataStore/Package/Package.php">
        <class name="Package" namespace="WA\DataStore\Package">
          <metrics complexity="7" methods="4" coveredmethods="4" conditionals="0" coveredconditionals="0" statements="4" coveredstatements="4" elements="8" coveredelements="8"/>
        </class>
        <line num="35" type="method" name="getTransformer" visibility="public" complexity="1" crap="1" count="5"/>
        <line num="37" type="stmt" count="5"/>
        <line num="43" type="method" name="conditions" visibility="public" complexity="1" crap="1" count="1"/>
        <line num="45" type="stmt" count="1"/>
        <line num="59" type="method" name="devices" visibility="public" complexity="1" crap="1" count="1"/>
        <line num="61" type="stmt" count="1"/>
        <line num="67" type="method" name="apps" visibility="public" complexity="1" crap="1" count="1"/>
        <line num="69" type="stmt" count="1"/>
        <metrics loc="79" ncloc="51" classes="1" methods="4" coveredmethods="4" conditionals="0" coveredconditionals="0" statements="4" coveredstatements="4" elements="8" coveredelements="8"/>
      </file>
      <file name="/var/www/wa/clean-api/app/DataStore/Package/PackageTransformer.php">
        <class name="PackageTransformer" namespace="WA\DataStore\Package">
          <metrics complexity="1" methods="1" coveredmethods="1" conditionals="0" coveredconditionals="0" statements="6" coveredstatements="6" elements="7" coveredelements="7"/>
        </class>
        <line num="25" type="method" name="transform" visibility="public" complexity="1" crap="1" count="17"/>
        <line num="28" type="stmt" count="17"/>
        <line num="29" type="stmt" count="17"/>
        <line num="30" type="stmt" count="17"/>
        <line num="31" type="stmt" count="17"/>
        <line num="32" type="stmt" count="17"/>
        <line num="33" type="stmt" count="17"/>
        <metrics loc="37" ncloc="30" classes="1" methods="1" coveredmethods="1" conditionals="0" coveredconditionals="0" statements="6" coveredstatements="6" elements="7" coveredelements="7"/>
      </file>
    </package>
    <package name="WA\DataStore\Permission">
      <file name="/var/www/wa/clean-api/app/DataStore/Permission/Permission.php">
        <class name="Permission" namespace="WA\DataStore\Permission">
          <metrics complexity="3" methods="3" coveredmethods="1" conditionals="0" coveredconditionals="0" statements="5" coveredstatements="3" elements="8" coveredelements="4"/>
        </class>
        <line num="28" type="method" name="__construct" visibility="public" complexity="1" crap="1" count="3"/>
        <line num="30" type="stmt" count="3"/>
        <line num="31" type="stmt" count="3"/>
        <line num="32" type="stmt" count="3"/>
        <line num="37" type="method" name="scopes" visibility="public" complexity="1" crap="2" count="0"/>
        <line num="39" type="stmt" count="0"/>
        <line num="47" type="method" name="getTransformer" visibility="public" complexity="1" crap="2" count="0"/>
        <line num="49" type="stmt" count="0"/>
        <metrics loc="51" ncloc="30" classes="1" methods="3" coveredmethods="1" conditionals="0" coveredconditionals="0" statements="5" coveredstatements="3" elements="8" coveredelements="4"/>
      </file>
      <file name="/var/www/wa/clean-api/app/DataStore/Permission/PermissionTransformer.php">
        <class name="PermissionTransformer" namespace="WA\DataStore\Permission">
          <metrics complexity="1" methods="1" coveredmethods="0" conditionals="0" coveredconditionals="0" statements="6" coveredstatements="0" elements="7" coveredelements="0"/>
        </class>
        <line num="23" type="method" name="transform" visibility="public" complexity="1" crap="2" count="0"/>
        <line num="24" type="stmt" count="0"/>
        <line num="25" type="stmt" count="0"/>
[...]
        <line num="203" type="stmt" count="0"/>
        <line num="213" type="method" name="valid" visibility="protected" complexity="1" crap="2" count="0"/>
        <line num="215" type="stmt" count="0"/>
        <line num="225" type="method" name="getUserByEmail" visibility="public" complexity="1" crap="2" count="0"/>
        <line num="227" type="stmt" count="0"/>
        <line num="229" type="stmt" count="0"/>
        <line num="237" type="method" name="update" visibility="public" complexity="11" crap="132" count="0"/>
        <line num="239" type="stmt" count="0"/>
        <line num="240" type="stmt" count="0"/>
        <line num="242" type="stmt" count="0"/>
        <line num="246" type="stmt" count="0"/>
        <line num="247" type="stmt" count="0"/>
        <line num="248" type="stmt" count="0"/>
        <line num="250" type="stmt" count="0"/>
        <line num="251" type="stmt" count="0"/>
        <line num="256" type="stmt" count="0"/>
        <line num="257" type="stmt" count="0"/>
        <line num="258" type="stmt" count="0"/>
        <line num="259" type="stmt" count="0"/>
        <line num="260" type="stmt" count="0"/>
        <line num="264" type="stmt" count="0"/>
        <line num="265" type="stmt" count="0"/>
        <line num="267" type="stmt" count="0"/>
        <line num="271" type="stmt" count="0"/>
        <line num="273" type="stmt" count="0"/>
        <line num="274" type="stmt" count="0"/>
        <line num="276" type="stmt" count="0"/>
        <line num="286" type="stmt" count="0"/>
        <line num="288" type="stmt" count="0"/>
        <line num="298" type="method" name="updateEasyVista" visibility="public" complexity="3" crap="12" count="0"/>
        <line num="300" type="stmt" count="0"/>
        <line num="302" type="stmt" count="0"/>
        <line num="305" type="stmt" count="0"/>
        <line num="306" type="stmt" count="0"/>
        <line num="307" type="stmt" count="0"/>
        <line num="308" type="stmt" count="0"/>
        <line num="311" type="stmt" count="0"/>
        <line num="312" type="stmt" count="0"/>
        <line num="318" type="stmt" count="0"/>
        <line num="319" type="stmt" count="0"/>
        <line num="320" type="stmt" count="0"/>
        <line num="322" type="stmt" count="0"/>
        <line num="324" type="stmt" count="0"/>
        <line num="325" type="stmt" count="0"/>
        <line num="326" type="stmt" count="0"/>
        <line num="327" type="stmt" count="0"/>
        <line num="328" type="stmt" count="0"/>
        <line num="329" type="stmt" count="0"/>
        <line num="330" type="stmt" count="0"/>
        <line num="332" type="stmt" count="0"/>
        <line num="335" type="stmt" count="0"/>
        <line num="336" type="stmt" count="0"/>
        <line num="338" type="stmt" count="0"/>
        <line num="341" type="stmt" count="0"/>
        <line num="349" type="method" name="edit" visibility="public" complexity="1" crap="2" count="0"/>
        <line num="351" type="stmt" count="0"/>
        <line num="359" type="method" name="errors" visibility="public" complexity="1" crap="2" count="0"/>
        <line num="361" type="stmt" count="0"/>
        <line num="402" type="method" name="show" visibility="public" complexity="1" crap="2" count="0"/>
        <line num="404" type="stmt" count="0"/>
        <line num="412" type="method" name="getCurrentCompany" visibility="public" complexity="1" crap="2" count="0"/>
        <line num="414" type="stmt" count="0"/>
        <line num="417" type="method" name="getCompanies" visibility="public" complexity="1" crap="2" count="0"/>
        <line num="419" type="stmt" count="0"/>
        <line num="429" type="method" name="getUdls" visibility="public" complexity="2" crap="6" count="0"/>
        <line num="431" type="stmt" count="0"/>
        <line num="433" type="stmt" count="0"/>
        <line num="434" type="stmt" count="0"/>
        <line num="437" type="stmt" count="0"/>
        <line num="439" type="stmt" count="0"/>
        <line num="453" type="method" name="getDepartmentPathId" visibility="public" complexity="4" crap="20" count="0"/>
        <line num="460" type="stmt" count="0"/>
        <line num="461" type="stmt" count="0"/>
        <line num="464" type="stmt" count="0"/>
        <line num="466" type="stmt" count="0"/>
        <line num="476" type="method" name="getUserUdls" visibility="public" complexity="2" crap="6" count="0"/>
        <line num="478" type="stmt" count="0"/>
        <line num="479" type="stmt" count="0"/>
        <line num="481" type="stmt" count="0"/>
        <line num="483" type="stmt" count="0"/>
        <line num="490" type="method" name="updateEasyVistaUsername" visibility="public" complexity="2" crap="6" count="0"/>
        <line num="492" type="stmt" count="0"/>
        <line num="494" type="stmt" count="0"/>
        <line num="501" type="stmt" count="0"/>
        <line num="505" type="stmt" count="0"/>
        <line num="506" type="stmt" count="0"/>
        <line num="508" type="stmt" count="0"/>
        <line num="511" type="stmt" count="0"/>
        <line num="521" type="method" name="delete" visibility="public" complexity="2" crap="6" count="0"/>
        <line num="523" type="stmt" count="0"/>
        <line num="525" type="stmt" count="0"/>
        <line num="526" type="stmt" count="0"/>
        <line num="527" type="stmt" count="0"/>
        <line num="529" type="stmt" count="0"/>
        <line num="531" type="stmt" count="0"/>
        <line num="533" type="stmt" count="0"/>
        <line num="536" type="method" name="getUserPermissions" visibility="public" complexity="3" crap="12" count="0"/>
        <line num="538" type="stmt" count="0"/>
        <line num="539" type="stmt" count="0"/>
        <line num="540" type="stmt" count="0"/>
        <line num="541" type="stmt" count="0"/>
        <line num="542" type="stmt" count="0"/>
        <line num="546" type="stmt" count="0"/>
        <line num="554" type="method" name="getAllRoles" visibility="public" complexity="1" crap="2" count="0"/>
        <line num="556" type="stmt" count="0"/>
        <line num="566" type="method" name="getUserRoles" visibility="public" complexity="1" crap="2" count="0"/>
        <line num="568" type="stmt" count="0"/>
        <line num="578" type="method" name="getEmailDomains" visibility="public" complexity="1" crap="2" count="0"/>
        <line num="580" type="stmt" count="0"/>
        <line num="582" type="stmt" count="0"/>
        <line num="592" type="method" name="getCurrentCharges" visibility="public" complexity="2" crap="6" count="0"/>
        <line num="594" type="stmt" count="0"/>
        <line num="595" type="stmt" count="0"/>
        <line num="596" type="stmt" count="0"/>
        <line num="597" type="stmt" count="0"/>
        <line num="600" type="stmt" count="0"/>
        <metrics loc="602" ncloc="330" classes="1" methods="21" coveredmethods="1" conditionals="0" coveredconditionals="0" statements="136" coveredstatements="5" elements="157" coveredelements="6"/>
      </file>
      <file name="/var/www/wa/clean-api/app/Services/Form/User/UserFormValidator.php">
        <class name="UserFormValidator" namespace="WA\Services\Form\User">
          <metrics complexity="0" methods="0" coveredmethods="0" conditionals="0" coveredconditionals="0" statements="0" coveredstatements="0" elements="0" coveredelements="0"/>
        </class>
        <metrics loc="38" ncloc="11" classes="1" methods="0" coveredmethods="0" conditionals="0" coveredconditionals="0" statements="0" coveredstatements="0" elements="0" coveredelements="0"/>
      </file>
    </package>
    <package name="WA\Services\Notification">
      <file name="/var/www/wa/clean-api/app/Services/Notification/EmailNotification.php">
        <class name="EmailNotification" namespace="WA\Services\Notification">
          <metrics complexity="11" methods="4" coveredmethods="0" conditionals="0" coveredconditionals="0" statements="45" coveredstatements="0" elements="49" coveredelements="0"/>
        </class>
        <line num="20" type="method" name="__construct" visibility="public" complexity="1" crap="2" count="0"/>
        <line num="21" type="stmt" count="0"/>
        <line num="22" type="stmt" count="0"/>
        <line num="23" type="stmt" count="0"/>
        <line num="24" type="stmt" count="0"/>
        <line num="25" type="stmt" count="0"/>
        <line num="26" type="stmt" count="0"/>
        <line num="27" type="stmt" count="0"/>
        <line num="28" type="stmt" count="0"/>
        <line num="29" type="stmt" count="0"/>
        <line num="30" type="stmt" count="0"/>
        <line num="31" type="stmt" count="0"/>
        <line num="32" type="stmt" count="0"/>
        <line num="42" type="method" name="notify" visibility="public" complexity="4" crap="20" count="0"/>
        <line num="43" type="stmt" count="0"/>
        <line num="45" type="stmt" count="0"/>
        <line num="48" type="stmt" count="0"/>
        <line num="49" type="stmt" count="0"/>
        <line num="51" type="stmt" count="0"/>
        <line num="53" type="stmt" count="0"/>
        <line num="54" type="stmt" count="0"/>
        <line num="55" type="stmt" count="0"/>
        <line num="56" type="stmt" count="0"/>
        <line num="57" type="stmt" count="0"/>
        <line num="58" type="stmt" count="0"/>
        <line num="59" type="stmt" count="0"/>
        <line num="61" type="stmt" count="0"/>
        <line num="62" type="stmt" count="0"/>
        <line num="63" type="stmt" count="0"/>
        <line num="65" type="stmt" count="0"/>
        <line num="66" type="stmt" count="0"/>
        <line num="69" type="stmt" count="0"/>
        <line num="70" type="stmt" count="0"/>
        <line num="71" type="stmt" count="0"/>
        <line num="73" type="method" name="sendEmails" visibility="public" complexity="5" crap="30" count="0"/>
        <line num="74" type="stmt" count="0"/>
        <line num="76" type="stmt" count="0"/>
        <line num="78" type="stmt" count="0"/>
        <line num="79" type="stmt" count="0"/>
        <line num="80" type="stmt" count="0"/>
        <line num="81" type="stmt" count="0"/>
        <line num="83" type="stmt" count="0"/>
        <line num="85" type="stmt" count="0"/>
        <line num="86" type="stmt" count="0"/>
        <line num="87" type="stmt" count="0"/>
        <line num="88" type="method" name="anonymous function" complexity="1" crap="2" count="0"/>
        <line num="89" type="stmt" count="0"/>
        <line num="90" type="stmt" count="0"/>
        <line num="91" type="stmt" count="0"/>
        <line num="92" type="stmt" count="0"/>
        <line num="95" type="stmt" count="0"/>
        <line num="97" type="stmt" count="0"/>
        <line num="98" type="stmt" count="0"/>
        <line num="99" type="stmt" count="0"/>
        <line num="101" type="stmt" count="0"/>
        <line num="102" type="stmt" count="0"/>
        <line num="103" type="stmt" count="0"/>
        <line num="104" type="stmt" count="0"/>
        <line num="105" type="stmt" count="0"/>
        <line num="106" type="stmt" count="0"/>
        <line num="107" type="stmt" count="0"/>
        <line num="108" type="stmt" count="0"/>
        <metrics loc="109" ncloc="80" classes="1" methods="4" coveredmethods="0" conditionals="0" coveredconditionals="0" statements="58" coveredstatements="0" elements="62" coveredelements="0"/>
      </file>
      <file name="/var/www/wa/clean-api/app/Services/Notification/NotificationServiceProvider.php">
        <class name="NotificationServiceProvider" namespace="WA\Services\Notification">
          <metrics complexity="2" methods="2" coveredmethods="0" conditionals="0" coveredconditionals="0" statements="6" coveredstatements="0" elements="8" coveredelements="0"/>
        </class>
        <line num="16" type="method" name="register" visibility="public" complexity="1" crap="2" count="0"/>
        <line num="17" type="stmt" count="0"/>
        <line num="18" type="stmt" count="0"/>
        <line num="20" type="stmt" count="0"/>
        <line num="21" type="method" name="anonymous function" complexity="1" crap="2" count="0"/>
        <line num="22" type="stmt" count="0"/>
        <line num="24" type="stmt" count="0"/>
        <line num="25" type="stmt" count="0"/>
        <line num="26" type="stmt" count="0"/>
        <line num="27" type="stmt" count="0"/>
        <metrics loc="28" ncloc="22" classes="1" methods="2" coveredmethods="0" conditionals="0" coveredconditionals="0" statements="8" coveredstatements="0" elements="10" coveredelements="0"/>
      </file>
      <file name="/var/www/wa/clean-api/app/Services/Notification/Notifier.php">
        <class name="Notifier" namespace="WA\Services\Notification" fullPackage="WA" package="WA">
          <metrics complexity="8" methods="3" coveredmethods="0" conditionals="0" coveredconditionals="0" statements="32" coveredstatements="0" elements="35" coveredelements="0"/>
        </class>
        <line num="14" type="method" name="__construct" visibility="public" complexity="1" crap="2" count="0"/>
        <line num="15" type="stmt" count="0"/>
        <line num="16" type="stmt" count="0"/>
        <line num="17" type="stmt" count="0"/>
        <line num="25" type="method" name="processNotification" visibility="public" complexity="4" crap="20" count="0"/>
        <line num="26" type="stmt" count="0"/>
        <line num="27" type="stmt" count="0"/>
        <line num="29" type="stmt" count="0"/>
        <line num="30" type="stmt" count="0"/>
        <line num="31" type="stmt" count="0"/>
        <line num="32" type="stmt" count="0"/>
        <line num="33" type="stmt" count="0"/>
        <line num="34" type="stmt" count="0"/>
        <line num="36" type="stmt" count="0"/>
        <line num="37" type="stmt" count="0"/>
        <line num="38" type="stmt" count="0"/>
        <line num="39" type="stmt" count="0"/>
        <line num="40" type="stmt" count="0"/>
        <line num="41" type="stmt" count="0"/>
        <line num="52" type="method" name="sendNotification" visibility="private" complexity="3" crap="12" count="0"/>
        <line num="53" type="stmt" count="0"/>
        <line num="54" type="stmt" count="0"/>
        <line num="55" type="stmt" count="0"/>
        <line num="56" type="stmt" count="0"/>
        <line num="57" type="stmt" count="0"/>
        <line num="59" type="stmt" count="0"/>
        <line num="60" type="stmt" count="0"/>
        <line num="61" type="stmt" count="0"/>
        <line num="63" type="stmt" count="0"/>
        <line num="65" type="stmt" count="0"/>
        <line num="66" type="stmt" count="0"/>
        <line num="67" type="stmt" count="0"/>
        <line num="68" type="stmt" count="0"/>
        <line num="69" type="stmt" count="0"/>
        <line num="70" type="stmt" count="0"/>
        <metrics loc="71" ncloc="50" classes="1" methods="3" coveredmethods="0" conditionals="0" coveredconditionals="0" statements="32" coveredstatements="0" elements="35" coveredelements="0"/>
      </file>
    </package>
    <package name="WA\Services\Notification\Exception">
      <file name="/var/www/wa/clean-api/app/Services/Notification/Exception/LogNotifier.php">
        <class name="LogNotifier" namespace="WA\Services\Notification\Exception">
          <metrics complexity="2" methods="2" coveredmethods="0" conditionals="0" coveredconditionals="0" statements="9" coveredstatements="0" elements="11" coveredelements="0"/>
        </class>
        <line num="21" type="method" name="__construct" visibility="public" complexity="1" crap="2" count="0"/>
        <line num="22" type="stmt" count="0"/>
        <line num="23" type="stmt" count="0"/>
        <line num="24" type="stmt" count="0"/>
        <line num="34" type="method" name="notify" visibility="public" complexity="1" crap="2" count="0"/>
        <line num="35" type="stmt" count="0"/>
        <line num="36" type="stmt" count="0"/>
        <line num="37" type="stmt" count="0"/>
        <line num="38" type="stmt" count="0"/>
        <line num="39" type="stmt" count="0"/>
        <line num="40" type="stmt" count="0"/>
        <metrics loc="41" ncloc="24" classes="1" methods="2" coveredmethods="0" conditionals="0" coveredconditionals="0" statements="9" coveredstatements="0" elements="11" coveredelements="0"/>
      </file>
      <file name="/var/www/wa/clean-api/app/Services/Notification/Exception/MailNotifier.php">
        <class name="MailNotifier" namespace="WA\Services\Notification\Exception">
          <metrics complexity="3" methods="3" coveredmethods="0" conditionals="0" coveredconditionals="0" statements="10" coveredstatements="0" elements="13" coveredelements="0"/>
        </class>
        <line num="31" type="method" name="__construct" visibility="public" complexity="1" crap="2" count="0"/>
        <line num="32" type="stmt" count="0"/>
        <line num="33" type="stmt" count="0"/>
        <line num="34" type="stmt" count="0"/>
        <line num="44" type="method" name="notify" visibility="public" complexity="1" crap="2" count="0"/>
        <line num="45" type="stmt" count="0"/>
        <line num="46" type="stmt" count="0"/>
        <line num="47" type="stmt" count="0"/>
        <line num="48" type="stmt" count="0"/>
        <line num="49" type="stmt" count="0"/>
        <line num="50" type="method" name="anonymous function" complexity="1" crap="2" count="0"/>
        <line num="51" type="stmt" count="0"/>
        <line num="52" type="stmt" count="0"/>
        <line num="53" type="stmt" count="0"/>
        <line num="54" type="stmt" count="0"/>
        <metrics loc="55" ncloc="30" classes="1" methods="3" coveredmethods="0" conditionals="0" coveredconditionals="0" statements="12" coveredstatements="0" elements="15" coveredelements="0"/>
      </file>
      <file name="/var/www/wa/clean-api/app/Services/Notification/Exception/NotifierHandler.php">
        <class name="NotifierHandler" namespace="WA\Services\Notification\Exception">
          <metrics complexity="3" methods="3" coveredmethods="0" conditionals="0" coveredconditionals="0" statements="9" coveredstatements="0" elements="12" coveredelements="0"/>
        </class>
        <line num="22" type="method" name="__construct" visibility="public" complexity="1" crap="2" count="0"/>
        <line num="23" type="stmt" count="0"/>
        <line num="24" type="stmt" count="0"/>
        <line num="25" type="stmt" count="0"/>
        <line num="32" type="method" name="handle" visibility="public" complexity="1" crap="2" count="0"/>
        <line num="33" type="stmt" count="0"/>
        <line num="34" type="stmt" count="0"/>
        <line num="35" type="stmt" count="0"/>
        <line num="40" type="method" name="sendException" visibility="protected" complexity="1" crap="2" count="0"/>
        <line num="41" type="stmt" count="0"/>
        <line num="42" type="stmt" count="0"/>
        <line num="43" type="stmt" count="0"/>
        <metrics loc="44" ncloc="27" classes="1" methods="3" coveredmethods="0" conditionals="0" coveredconditionals="0" statements="9" coveredstatements="0" elements="12" coveredelements="0"/>
      </file>
    </package>
    <file name="/var/www/wa/clean-api/app/Services/Notification/NotificationInterface.php">
      <metrics loc="17" ncloc="8" classes="0" methods="0" coveredmethods="0" conditionals="0" coveredconditionals="0" statements="0" coveredstatements="0" elements="0" coveredelements="0"/>
    </file>
    <file name="/var/www/wa/clean-api/app/Services/Notification/NotifierInterface.php">
      <metrics loc="19" ncloc="8" classes="0" methods="0" coveredmethods="0" conditionals="0" coveredconditionals="0" statements="0" coveredstatements="0" elements="0" coveredelements="0"/>
    </file>
    <metrics files="287" loc="25683" ncloc="16348" classes="234" methods="873" coveredmethods="295" conditionals="0" coveredconditionals="0" statements="5936" coveredstatements="2525" elements="6809" coveredelements="2820"/>
  </project>
</coverage>
